<?xml version="1.0" encoding="UTF-8"?>
<!-- Generated by org.testng.reporters.JUnitReportReporter -->
<testsuite skipped="0" hostname="DESKTOP-LMC7CMN" name="com.qa.opencart.tests.RegistrationPageTest" tests="3" failures="0" timestamp="2022-05-11T19:01:13 IST" time="87.301" errors="0">
  <testcase name="userRegistrationTest" time="28.966" classname="com.qa.opencart.tests.RegistrationPageTest"/>
  <system-out/>
  <testcase name="userRegistrationTest" time="29.956" classname="com.qa.opencart.tests.RegistrationPageTest"/>
  <system-out/>
  <testcase name="userRegistrationTest" time="28.379" classname="com.qa.opencart.tests.RegistrationPageTest"/>
  <system-out/>
</testsuite> <!-- com.qa.opencart.tests.RegistrationPageTest -->
