<?xml version="1.0" encoding="UTF-8"?>
<!-- Generated by org.testng.reporters.JUnitReportReporter -->
<testsuite skipped="3" hostname="DESKTOP-LMC7CMN" name="com.qa.opencart.tests.RegistrationPageTest" tests="3" failures="0" timestamp="16 May 2022 12:56:38 GMT" time="0.000" errors="0">
  <testcase name="userRegistrationTest" time="0.000" classname="com.qa.opencart.tests.RegistrationPageTest">
    <skipped/>
  </testcase> <!-- userRegistrationTest -->
  <testcase name="userRegistrationTest" time="0.000" classname="com.qa.opencart.tests.RegistrationPageTest">
    <skipped/>
  </testcase> <!-- userRegistrationTest -->
  <testcase name="userRegistrationTest" time="0.000" classname="com.qa.opencart.tests.RegistrationPageTest">
    <skipped/>
  </testcase> <!-- userRegistrationTest -->
</testsuite> <!-- com.qa.opencart.tests.RegistrationPageTest -->
